<?xml version="1.0" encoding="UTF-8"?>
<!-- Generated by org.testng.reporters.JUnitReportReporter -->
<testsuite hostname="DESKTOP-4M1OB9K" failures="0" tests="1" name="AutomationProjects.Tests.ErrorValidationsTest2" time="1.082" errors="0" timestamp="2024-07-04T11:12:12 IST" skipped="0">
  <testcase classname="AutomationProjects.Tests.ErrorValidationsTest2" name="LoginErrorValidation" time="1.082"/>
  <system-out/>
</testsuite> <!-- AutomationProjects.Tests.ErrorValidationsTest2 -->
