<?xml version="1.0" encoding="UTF-8"?>
<!-- Generated by org.testng.reporters.JUnitReportReporter -->
<testsuite hostname="DESKTOP-1QE34US" failures="0" tests="1" name="AutomationProjects.Tests.PracticeTests" time="0.013" errors="0" timestamp="2025-01-09T18:29:09 IST" skipped="0">
  <testcase classname="AutomationProjects.Tests.PracticeTests" name="test3" time="0.013"/>
  <system-out/>
</testsuite> <!-- AutomationProjects.Tests.PracticeTests -->
